
The following have been reloaded with a version change:
  1) python/.3.11.4 => python/3.11.4

INFO:root:Loading data...
INFO:root:Extracted GTF attributes: ['gene_id', 'gene_type', 'gene_name', 'level', 'mgi_id', 'havana_gene', 'transcript_id', 'transcript_type', 'transcript_name', 'transcript_support_level', 'tag', 'havana_transcript', 'exon_number', 'exon_id', 'protein_id', 'ccdsid', 'ont']
INFO:root:Extracted GTF attributes: ['transcript_id', 'gene_id', 'gene_name']
INFO:root:Mapping ORFs to gencode...
INFO:root:Mapping plus strands...
Empty DataFrame
Columns: [ID, pb_acc, misc, orf]
Index: []
  seqname  ...                     gene_name
0    chr1  ...                         10453
1    chr1  ...                         10453
2    chr1  ...  ENSMUSG00000033845.14_Mrpl15
3    chr1  ...  ENSMUSG00000033845.14_Mrpl15
4    chr1  ...  ENSMUSG00000033845.14_Mrpl15

[5 rows x 11 columns]
['gene' 'transcript' 'exon' 'CDS' 'start_codon' 'stop_codon' 'UTR'
 'Selenocysteine']
Index(['seqname', 'source', 'feature', 'start', 'end', 'score', 'strand',
       'frame', 'transcript_id', 'gene_id', 'gene_name'],
      dtype='object')
       seqname  ...                       gene_name
282083    chr2  ...  ENSMUSG00000050530.15_Fam171a1
282084    chr2  ...  ENSMUSG00000050530.15_Fam171a1
282085    chr2  ...  ENSMUSG00000050530.15_Fam171a1
282086    chr2  ...  ENSMUSG00000050530.15_Fam171a1
282087    chr2  ...  ENSMUSG00000050530.15_Fam171a1

[5 rows x 11 columns]
Index(['seqname', 'source', 'feature', 'start', 'end', 'score', 'strand',
       'frame', 'transcript_id', 'gene_id', 'gene_name'],
      dtype='object')
      seqname  ...                      gene_name
35053   chr10  ...  ENSMUSG00000040675.18_Mthfd1l
35054   chr10  ...  ENSMUSG00000040675.18_Mthfd1l
35055   chr10  ...  ENSMUSG00000040675.18_Mthfd1l
35056   chr10  ...  ENSMUSG00000040675.18_Mthfd1l
35057   chr10  ...  ENSMUSG00000040675.18_Mthfd1l

[5 rows x 11 columns]
Index(['seqname', 'source', 'feature', 'start', 'end', 'score', 'strand',
       'frame', 'transcript_id', 'gene_id', 'gene_name'],
      dtype='object')
       seqname  ...                  gene_name
355181    chr4  ...  ENSMUSG00000028233.7_Tgs1
355183    chr4  ...  ENSMUSG00000028233.7_Tgs1
355184    chr4  ...  ENSMUSG00000028233.7_Tgs1
355185    chr4  ...  ENSMUSG00000028233.7_Tgs1
355186    chr4  ...  ENSMUSG00000028233.7_Tgs1

[5 rows x 11 columns]
Index(['seqname', 'source', 'feature', 'start', 'end', 'score', 'strand',
       'frame', 'transcript_id', 'gene_id', 'gene_name'],
      dtype='object')
       seqname  ...                      gene_name
108613   chr12  ...  ENSMUSG00000079179.11_Rab10os
108614   chr12  ...  ENSMUSG00000079179.11_Rab10os
108615   chr12  ...  ENSMUSG00000079179.11_Rab10os
108616   chr12  ...  ENSMUSG00000079179.11_Rab10os
108617   chr12  ...  ENSMUSG00000079179.11_Rab10os

[5 rows x 11 columns]
Index(['seqname', 'source', 'feature', 'start', 'end', 'score', 'strand',
       'frame', 'transcript_id', 'gene_id', 'gene_name'],
      dtype='object')
       seqname  ...                   gene_name
391041    chr5  ...  ENSMUSG00000040274.12_Cdk6
391042    chr5  ...  ENSMUSG00000040274.12_Cdk6
391043    chr5  ...  ENSMUSG00000040274.12_Cdk6
391044    chr5  ...  ENSMUSG00000040274.12_Cdk6
391045    chr5  ...  ENSMUSG00000040274.12_Cdk6

[5 rows x 11 columns]
Index(['seqname', 'source', 'feature', 'start', 'end', 'score', 'strand',
       'frame', 'transcript_id', 'gene_id', 'gene_name'],
      dtype='object')
      seqname  ...                                gene_name
61062   chr11  ...  ENSMUSG00000121500.1_ENSMUSG00000121500
61063   chr11  ...  ENSMUSG00000121500.1_ENSMUSG00000121500
61064   chr11  ...  ENSMUSG00000121500.1_ENSMUSG00000121500
61065   chr11  ...  ENSMUSG00000121500.1_ENSMUSG00000121500
61066   chr11  ...  ENSMUSG00000121500.1_ENSMUSG00000121500

[5 rows x 11 columns]
Index(['seqname', 'source', 'feature', 'start', 'end', 'score', 'strand',
       'frame', 'transcript_id', 'gene_id', 'gene_name'],
      dtype='object')
       seqname  ...                    gene_name
429090    chr6  ...  ENSMUSG00000001376.18_Vps50
429091    chr6  ...  ENSMUSG00000001376.18_Vps50
429092    chr6  ...  ENSMUSG00000001376.18_Vps50
429093    chr6  ...  ENSMUSG00000001376.18_Vps50
429094    chr6  ...  ENSMUSG00000001376.18_Vps50

[5 rows x 11 columns]
Index(['seqname', 'source', 'feature', 'start', 'end', 'score', 'strand',
       'frame', 'transcript_id', 'gene_id', 'gene_name'],
      dtype='object')
       seqname  ...                            gene_name
129176   chr13  ...  ENSMUSG00000097709.10_2810429I04Rik
129177   chr13  ...  ENSMUSG00000097709.10_2810429I04Rik
129178   chr13  ...  ENSMUSG00000097709.10_2810429I04Rik
129179   chr13  ...  ENSMUSG00000097709.10_2810429I04Rik
129181   chr13  ...  ENSMUSG00000097709.10_2810429I04Rik

[5 rows x 11 columns]
Index(['seqname', 'source', 'feature', 'start', 'end', 'score', 'strand',
       'frame', 'transcript_id', 'gene_id', 'gene_name'],
      dtype='object')
       seqname  ...                    gene_name
454827    chr7  ...  ENSMUSG00000068566.14_Myadm
454828    chr7  ...  ENSMUSG00000068566.14_Myadm
454829    chr7  ...  ENSMUSG00000068566.14_Myadm
454831    chr7  ...  ENSMUSG00000068566.14_Myadm
454832    chr7  ...  ENSMUSG00000068566.14_Myadm

[5 rows x 11 columns]
Index(['seqname', 'source', 'feature', 'start', 'end', 'score', 'strand',
       'frame', 'transcript_id', 'gene_id', 'gene_name'],
      dtype='object')
       seqname  ...                     gene_name
151012   chr14  ...  ENSMUSG00000058317.13_Ube2e2
151013   chr14  ...  ENSMUSG00000058317.13_Ube2e2
151014   chr14  ...  ENSMUSG00000058317.13_Ube2e2
151015   chr14  ...  ENSMUSG00000058317.13_Ube2e2
151016   chr14  ...  ENSMUSG00000058317.13_Ube2e2

[5 rows x 11 columns]
Index(['seqname', 'source', 'feature', 'start', 'end', 'score', 'strand',
       'frame', 'transcript_id', 'gene_id', 'gene_name'],
      dtype='object')
       seqname  ...                       gene_name
493570    chr8  ...  ENSMUSG00000004568.14_Arhgef18
493572    chr8  ...  ENSMUSG00000004568.14_Arhgef18
493573    chr8  ...  ENSMUSG00000004568.14_Arhgef18
493574    chr8  ...  ENSMUSG00000004568.14_Arhgef18
493575    chr8  ...  ENSMUSG00000004568.14_Arhgef18

[5 rows x 11 columns]
Index(['seqname', 'source', 'feature', 'start', 'end', 'score', 'strand',
       'frame', 'transcript_id', 'gene_id', 'gene_name'],
      dtype='object')
       seqname  ...                     gene_name
193305   chr16  ...  ENSMUSG00000022529.12_Zfp263
193306   chr16  ...  ENSMUSG00000022529.12_Zfp263
193307   chr16  ...  ENSMUSG00000022529.12_Zfp263
193308   chr16  ...  ENSMUSG00000022529.12_Zfp263
193309   chr16  ...  ENSMUSG00000022529.12_Zfp263

[5 rows x 11 columns]
Index(['seqname', 'source', 'feature', 'start', 'end', 'score', 'strand',
       'frame', 'transcript_id', 'gene_id', 'gene_name'],
      dtype='object')
       seqname  ...                     gene_name
556118    chrM  ...  ENSMUSG00000064337.1_mt-Rnr1
556120    chrM  ...  ENSMUSG00000064339.1_mt-Rnr2
556122    chrM  ...  ENSMUSG00000064339.1_mt-Rnr2
556124    chrM  ...  ENSMUSG00000064339.1_mt-Rnr2
556126    chrM  ...   ENSMUSG00000064345.1_mt-Nd2

[5 rows x 11 columns]
Index(['seqname', 'source', 'feature', 'start', 'end', 'score', 'strand',
       'frame', 'transcript_id', 'gene_id', 'gene_name'],
      dtype='object')
   seqname  ...                           gene_name
39    chr1  ...  ENSMUSG00000120403.1_A930006A01Rik
41    chr1  ...        ENSMUSG00000025903.15_Lypla1
42    chr1  ...        ENSMUSG00000025903.15_Lypla1
43    chr1  ...        ENSMUSG00000025903.15_Lypla1
44    chr1  ...        ENSMUSG00000025903.15_Lypla1

[5 rows x 11 columns]
Index(['seqname', 'source', 'feature', 'start', 'end', 'score', 'strand',
       'frame', 'transcript_id', 'gene_id', 'gene_name'],
      dtype='object')
       seqname  ...                   gene_name
328936    chr3  ...                        5834
328938    chr3  ...                        5834
328940    chr3  ...  ENSMUSG00000027499.13_Pkia
328941    chr3  ...  ENSMUSG00000027499.13_Pkia
328942    chr3  ...  ENSMUSG00000027499.13_Pkia

[5 rows x 11 columns]
Index(['seqname', 'source', 'feature', 'start', 'end', 'score', 'strand',
       'frame', 'transcript_id', 'gene_id', 'gene_name'],
      dtype='object')
           seqname       source feature  ...  transcript_id  gene_id  gene_name
575213  MU069435.1  Mandalorion    exon  ...  isoform814_49    10452      10452

[1 rows x 11 columns]
Index(['seqname', 'source', 'feature', 'start', 'end', 'score', 'strand',
       'frame', 'transcript_id', 'gene_id', 'gene_name'],
      dtype='object')
       seqname  ...                    gene_name
212978   chr17  ...  ENSMUSG00000046201.10_Scaf8
212979   chr17  ...  ENSMUSG00000046201.10_Scaf8
212980   chr17  ...  ENSMUSG00000046201.10_Scaf8
212981   chr17  ...  ENSMUSG00000046201.10_Scaf8
212982   chr17  ...  ENSMUSG00000046201.10_Scaf8

[5 rows x 11 columns]
Index(['seqname', 'source', 'feature', 'start', 'end', 'score', 'strand',
       'frame', 'transcript_id', 'gene_id', 'gene_name'],
      dtype='object')
       seqname  ...                    gene_name
574771    chrY  ...  ENSMUSG00000056673.15_Kdm5d
574772    chrY  ...  ENSMUSG00000056673.15_Kdm5d
574773    chrY  ...  ENSMUSG00000056673.15_Kdm5d
574774    chrY  ...  ENSMUSG00000056673.15_Kdm5d
574775    chrY  ...  ENSMUSG00000056673.15_Kdm5d

[5 rows x 11 columns]
Index(['seqname', 'source', 'feature', 'start', 'end', 'score', 'strand',
       'frame', 'transcript_id', 'gene_id', 'gene_name'],
      dtype='object')
       seqname  ...                     gene_name
261516   chr19  ...                          4639
261518   chr19  ...                          4639
261520   chr19  ...                          4639
261522   chr19  ...                          4639
261560   chr19  ...  ENSMUSG00000024829.13_Mrpl21

[5 rows x 11 columns]
Index(['seqname', 'source', 'feature', 'start', 'end', 'score', 'strand',
       'frame', 'transcript_id', 'gene_id', 'gene_name'],
      dtype='object')
           seqname       source feature  ...  transcript_id  gene_id  gene_name
575151  GL456233.2  Mandalorion    exon  ...  isoform126_25    10451      10451
575152  GL456233.2  Mandalorion    exon  ...  isoform126_25    10451      10451
575153  GL456233.2  Mandalorion    exon  ...  isoform126_25    10451      10451
575154  GL456233.2  Mandalorion    exon  ...  isoform126_25    10451      10451
575155  GL456233.2  Mandalorion    exon  ...  isoform126_25    10451      10451

[5 rows x 11 columns]
Index(['seqname', 'source', 'feature', 'start', 'end', 'score', 'strand',
       'frame', 'transcript_id', 'gene_id', 'gene_name'],
      dtype='object')
       seqname  ...                      gene_name
171629   chr15  ...  ENSMUSG00000064373.14_Selenop
171630   chr15  ...  ENSMUSG00000064373.14_Selenop
171631   chr15  ...  ENSMUSG00000064373.14_Selenop
171632   chr15  ...  ENSMUSG00000064373.14_Selenop
171633   chr15  ...  ENSMUSG00000064373.14_Selenop

[5 rows x 11 columns]
Index(['seqname', 'source', 'feature', 'start', 'end', 'score', 'strand',
       'frame', 'transcript_id', 'gene_id', 'gene_name'],
      dtype='object')
       seqname  ...                     gene_name
523669    chr9  ...  ENSMUSG00000025899.15_Alkbh8
523670    chr9  ...  ENSMUSG00000025899.15_Alkbh8
523671    chr9  ...  ENSMUSG00000025899.15_Alkbh8
523672    chr9  ...  ENSMUSG00000025899.15_Alkbh8
523673    chr9  ...  ENSMUSG00000025899.15_Alkbh8

[5 rows x 11 columns]
Index(['seqname', 'source', 'feature', 'start', 'end', 'score', 'strand',
       'frame', 'transcript_id', 'gene_id', 'gene_name'],
      dtype='object')
       seqname  ...                   gene_name
246614   chr18  ...                        4358
246616   chr18  ...  ENSMUSG00000024231.16_Cul2
246617   chr18  ...  ENSMUSG00000024231.16_Cul2
246618   chr18  ...  ENSMUSG00000024231.16_Cul2
246619   chr18  ...  ENSMUSG00000024231.16_Cul2

[5 rows x 11 columns]
Index(['seqname', 'source', 'feature', 'start', 'end', 'score', 'strand',
       'frame', 'transcript_id', 'gene_id', 'gene_name'],
      dtype='object')
       seqname  ...                      gene_name
556158    chrX  ...  ENSMUSG00000068270.16_Shroom4
556218    chrX  ...  ENSMUSG00000031142.18_Cacna1f
556219    chrX  ...  ENSMUSG00000031142.18_Cacna1f
556220    chrX  ...  ENSMUSG00000031142.18_Cacna1f
556221    chrX  ...  ENSMUSG00000031142.18_Cacna1f

[5 rows x 11 columns]
multiprocessing.pool.RemoteTraceback: 
"""
Traceback (most recent call last):
  File "/opt/conda/envs/lrpg/lib/python3.7/multiprocessing/pool.py", line 121, in worker
    result = (True, func(*args, **kwds))
  File "/opt/conda/envs/lrpg/lib/python3.7/multiprocessing/pool.py", line 47, in starmapstar
    return list(itertools.starmap(args[0], args[1]))
  File "00_scripts/05_mando_orf_calling.py", line 99, in plus_mapping_single_chromosome
    plus_exons['current_size'] = plus_exons.sort_values(by = ['transcript_id', 'exon_start']).groupby('transcript_id')['exon_length'].cumsum()
  File "/opt/conda/envs/lrpg/lib/python3.7/site-packages/pandas/core/frame.py", line 5439, in sort_values
    keys = [self._get_label_or_level_values(x, axis=axis) for x in by]
  File "/opt/conda/envs/lrpg/lib/python3.7/site-packages/pandas/core/frame.py", line 5439, in <listcomp>
    keys = [self._get_label_or_level_values(x, axis=axis) for x in by]
  File "/opt/conda/envs/lrpg/lib/python3.7/site-packages/pandas/core/generic.py", line 1681, in _get_label_or_level_values
    raise KeyError(key)
KeyError: 'exon_start'
"""

The above exception was the direct cause of the following exception:

Traceback (most recent call last):
  File "00_scripts/05_mando_orf_calling.py", line 304, in <module>
    main()
  File "00_scripts/05_mando_orf_calling.py", line 279, in main
    all_orfs = orf_mapping(orf_coord, gencode, sample_gtf, orf_seq, pool, results.num_cores)
  File "00_scripts/05_mando_orf_calling.py", line 81, in orf_mapping
    plus = plus_mapping(exons, orf_coord, start_codons, pool, num_cores)
  File "00_scripts/05_mando_orf_calling.py", line 133, in plus_mapping
    plus_orf_list = pool.starmap(plus_mapping_single_chromosome, iterable)
  File "/opt/conda/envs/lrpg/lib/python3.7/multiprocessing/pool.py", line 276, in starmap
    return self._map_async(func, iterable, starmapstar, chunksize).get()
  File "/opt/conda/envs/lrpg/lib/python3.7/multiprocessing/pool.py", line 657, in get
    raise self._value
KeyError: 'exon_start'
INFO:root:Loading data...
Traceback (most recent call last):
  File "00_scripts/05_orf_calling.py", line 307, in <module>
    main()
  File "00_scripts/05_orf_calling.py", line 267, in main
    orf_coord = read_orf(results.orf_coord)
  File "00_scripts/05_orf_calling.py", line 188, in read_orf
    orf[['pb_acc', 'misc', 'orf']] = orf['ID'].str.split('_', expand=True)
  File "/opt/conda/envs/lrpg/lib/python3.7/site-packages/pandas/core/frame.py", line 3160, in __setitem__
    self._setitem_array(key, value)
  File "/opt/conda/envs/lrpg/lib/python3.7/site-packages/pandas/core/frame.py", line 3186, in _setitem_array
    raise ValueError("Columns must be same length as key")
ValueError: Columns must be same length as key
